[2022-12-26T10:44:02.174] [ERROR] error - TypeError: ctx.renders is not a function
    at _callee$ (/Users/tangjiang/workspace/js_study/koa_pm2_project/src/serve/controllers/home/HomeController.js:27:26)
    at tryCatch (/Users/tangjiang/workspace/js_study/koa_pm2_project/src/serve/controllers/home/HomeController.js:2:1)
    at Generator.<anonymous> (/Users/tangjiang/workspace/js_study/koa_pm2_project/src/serve/controllers/home/HomeController.js:2:1)
    at Generator.next (/Users/tangjiang/workspace/js_study/koa_pm2_project/src/serve/controllers/home/HomeController.js:2:1)
    at asyncGeneratorStep (/Users/tangjiang/workspace/js_study/koa_pm2_project/src/serve/controllers/home/HomeController.js:2:1)
    at _next (/Users/tangjiang/workspace/js_study/koa_pm2_project/src/serve/controllers/home/HomeController.js:2:1)
    at processTicksAndRejections (internal/process/task_queues.js:93:5)
[2023-01-11T17:39:59.064] [ERROR] error - Error: ENOENT: no such file or directory, open '/Users/tangjiang/workspace/js_study/koa_pm2_project/dist/components/banner/banner.html'
    at Object.openSync (fs.js:476:3)
    at Object.readFileSync (fs.js:377:35)
    at Object.ret.load (/Users/tangjiang/workspace/js_study/koa_pm2_project/node_modules/swig-templates/lib/loaders/filesystem.js:59:15)
    at exports.Swig.parseFile (/Users/tangjiang/workspace/js_study/koa_pm2_project/node_modules/swig-templates/lib/swig.js:403:31)
    at getParents (/Users/tangjiang/workspace/js_study/koa_pm2_project/node_modules/swig-templates/lib/swig.js:480:14)
    at exports.Swig.precompile (/Users/tangjiang/workspace/js_study/koa_pm2_project/node_modules/swig-templates/lib/swig.js:527:19)
    at exports.Swig.compile (/Users/tangjiang/workspace/js_study/koa_pm2_project/node_modules/swig-templates/lib/swig.js:651:16)
    at /Users/tangjiang/workspace/js_study/koa_pm2_project/node_modules/swig-templates/lib/swig.js:729:27
    at FSReqCallback.readFileAfterClose [as oncomplete] (internal/fs/read_file_context.js:63:3) {
  errno: -2,
  syscall: 'open',
  code: 'ENOENT',
  path: '/Users/tangjiang/workspace/js_study/koa_pm2_project/dist/components/banner/banner.html'
}
[2023-01-11T17:51:15.067] [ERROR] error - ReferenceError: data is not defined
    at _callee$ (/Users/tangjiang/workspace/js_study/koa_pm2_project/dist/serve/controllers/home/HomeController.js:26:35)
    at tryCatch (/Users/tangjiang/workspace/js_study/koa_pm2_project/dist/serve/controllers/home/HomeController.js:2:1)
    at Generator.<anonymous> (/Users/tangjiang/workspace/js_study/koa_pm2_project/dist/serve/controllers/home/HomeController.js:2:1)
    at Generator.next (/Users/tangjiang/workspace/js_study/koa_pm2_project/dist/serve/controllers/home/HomeController.js:2:1)
    at asyncGeneratorStep (/Users/tangjiang/workspace/js_study/koa_pm2_project/dist/serve/controllers/home/HomeController.js:2:1)
    at _next (/Users/tangjiang/workspace/js_study/koa_pm2_project/dist/serve/controllers/home/HomeController.js:2:1)
    at /Users/tangjiang/workspace/js_study/koa_pm2_project/dist/serve/controllers/home/HomeController.js:2:1
    at new Promise (<anonymous>)
    at /Users/tangjiang/workspace/js_study/koa_pm2_project/dist/serve/controllers/home/HomeController.js:2:1
    at actionHome (/Users/tangjiang/workspace/js_study/koa_pm2_project/dist/serve/controllers/home/HomeController.js:28:4)
[2023-01-11T17:51:16.005] [ERROR] error - ReferenceError: data is not defined
    at _callee$ (/Users/tangjiang/workspace/js_study/koa_pm2_project/dist/serve/controllers/home/HomeController.js:26:35)
    at tryCatch (/Users/tangjiang/workspace/js_study/koa_pm2_project/dist/serve/controllers/home/HomeController.js:2:1)
    at Generator.<anonymous> (/Users/tangjiang/workspace/js_study/koa_pm2_project/dist/serve/controllers/home/HomeController.js:2:1)
    at Generator.next (/Users/tangjiang/workspace/js_study/koa_pm2_project/dist/serve/controllers/home/HomeController.js:2:1)
    at asyncGeneratorStep (/Users/tangjiang/workspace/js_study/koa_pm2_project/dist/serve/controllers/home/HomeController.js:2:1)
    at _next (/Users/tangjiang/workspace/js_study/koa_pm2_project/dist/serve/controllers/home/HomeController.js:2:1)
    at /Users/tangjiang/workspace/js_study/koa_pm2_project/dist/serve/controllers/home/HomeController.js:2:1
    at new Promise (<anonymous>)
    at /Users/tangjiang/workspace/js_study/koa_pm2_project/dist/serve/controllers/home/HomeController.js:2:1
    at actionHome (/Users/tangjiang/workspace/js_study/koa_pm2_project/dist/serve/controllers/home/HomeController.js:28:4)
[2023-01-11T17:51:16.202] [ERROR] error - ReferenceError: data is not defined
    at _callee$ (/Users/tangjiang/workspace/js_study/koa_pm2_project/dist/serve/controllers/home/HomeController.js:26:35)
    at tryCatch (/Users/tangjiang/workspace/js_study/koa_pm2_project/dist/serve/controllers/home/HomeController.js:2:1)
    at Generator.<anonymous> (/Users/tangjiang/workspace/js_study/koa_pm2_project/dist/serve/controllers/home/HomeController.js:2:1)
    at Generator.next (/Users/tangjiang/workspace/js_study/koa_pm2_project/dist/serve/controllers/home/HomeController.js:2:1)
    at asyncGeneratorStep (/Users/tangjiang/workspace/js_study/koa_pm2_project/dist/serve/controllers/home/HomeController.js:2:1)
    at _next (/Users/tangjiang/workspace/js_study/koa_pm2_project/dist/serve/controllers/home/HomeController.js:2:1)
    at /Users/tangjiang/workspace/js_study/koa_pm2_project/dist/serve/controllers/home/HomeController.js:2:1
    at new Promise (<anonymous>)
    at /Users/tangjiang/workspace/js_study/koa_pm2_project/dist/serve/controllers/home/HomeController.js:2:1
    at actionHome (/Users/tangjiang/workspace/js_study/koa_pm2_project/dist/serve/controllers/home/HomeController.js:28:4)
[2023-01-11T17:51:16.418] [ERROR] error - ReferenceError: data is not defined
    at _callee$ (/Users/tangjiang/workspace/js_study/koa_pm2_project/dist/serve/controllers/home/HomeController.js:26:35)
    at tryCatch (/Users/tangjiang/workspace/js_study/koa_pm2_project/dist/serve/controllers/home/HomeController.js:2:1)
    at Generator.<anonymous> (/Users/tangjiang/workspace/js_study/koa_pm2_project/dist/serve/controllers/home/HomeController.js:2:1)
    at Generator.next (/Users/tangjiang/workspace/js_study/koa_pm2_project/dist/serve/controllers/home/HomeController.js:2:1)
    at asyncGeneratorStep (/Users/tangjiang/workspace/js_study/koa_pm2_project/dist/serve/controllers/home/HomeController.js:2:1)
    at _next (/Users/tangjiang/workspace/js_study/koa_pm2_project/dist/serve/controllers/home/HomeController.js:2:1)
    at /Users/tangjiang/workspace/js_study/koa_pm2_project/dist/serve/controllers/home/HomeController.js:2:1
    at new Promise (<anonymous>)
    at /Users/tangjiang/workspace/js_study/koa_pm2_project/dist/serve/controllers/home/HomeController.js:2:1
    at actionHome (/Users/tangjiang/workspace/js_study/koa_pm2_project/dist/serve/controllers/home/HomeController.js:28:4)
[2023-01-12T10:41:42.595] [ERROR] error - [Error: ENOENT: no such file or directory, open '/Users/tangjiang/workspace/js_study/koa_pm2_project/dist/web/views/index.html'] {
  errno: -2,
  code: 'ENOENT',
  syscall: 'open',
  path: '/Users/tangjiang/workspace/js_study/koa_pm2_project/dist/web/views/index.html'
}
[2023-01-12T10:41:43.278] [ERROR] error - [Error: ENOENT: no such file or directory, open '/Users/tangjiang/workspace/js_study/koa_pm2_project/dist/web/views/index.html'] {
  errno: -2,
  code: 'ENOENT',
  syscall: 'open',
  path: '/Users/tangjiang/workspace/js_study/koa_pm2_project/dist/web/views/index.html'
}
[2023-01-12T10:41:43.446] [ERROR] error - [Error: ENOENT: no such file or directory, open '/Users/tangjiang/workspace/js_study/koa_pm2_project/dist/web/views/index.html'] {
  errno: -2,
  code: 'ENOENT',
  syscall: 'open',
  path: '/Users/tangjiang/workspace/js_study/koa_pm2_project/dist/web/views/index.html'
}
[2023-01-12T10:41:43.643] [ERROR] error - [Error: ENOENT: no such file or directory, open '/Users/tangjiang/workspace/js_study/koa_pm2_project/dist/web/views/index.html'] {
  errno: -2,
  code: 'ENOENT',
  syscall: 'open',
  path: '/Users/tangjiang/workspace/js_study/koa_pm2_project/dist/web/views/index.html'
}
[2023-01-13T11:28:32.375] [ERROR] error - [Error: ENOENT: no such file or directory, open '/Users/tangjiang/workspace/js_study/koa_pm2_project/dist/web/views/index.html'] {
  errno: -2,
  code: 'ENOENT',
  syscall: 'open',
  path: '/Users/tangjiang/workspace/js_study/koa_pm2_project/dist/web/views/index.html'
}
[2023-01-13T11:28:34.264] [ERROR] error - [Error: ENOENT: no such file or directory, open '/Users/tangjiang/workspace/js_study/koa_pm2_project/dist/web/views/index.html'] {
  errno: -2,
  code: 'ENOENT',
  syscall: 'open',
  path: '/Users/tangjiang/workspace/js_study/koa_pm2_project/dist/web/views/index.html'
}
[2023-01-13T11:28:36.456] [ERROR] error - [Error: ENOENT: no such file or directory, open '/Users/tangjiang/workspace/js_study/koa_pm2_project/dist/web/views/index.html'] {
  errno: -2,
  code: 'ENOENT',
  syscall: 'open',
  path: '/Users/tangjiang/workspace/js_study/koa_pm2_project/dist/web/views/index.html'
}
